17:02:19.314 [main] INFO  - ****** Starting TC001_CourseSearchingTest *****
17:02:32.035 [main] INFO  - Searched Web development
17:02:53.177 [main] INFO  - Applied language filter
17:02:54.652 [main] INFO  - Applied level filter
17:03:02.229 [main] INFO  - Written output in the excel file
17:03:02.269 [main] INFO  - ****** Completed TC001_CourseSearchingTest *****
17:03:38.619 [main] INFO  - ****** Starting TC002_CourseCountTest *****
17:03:50.390 [main] INFO  - Searched Web development
17:03:53.802 [main] INFO  - Written level wise count in the excel file
17:03:57.326 [main] INFO  - Written language wise in the excel file
17:03:57.330 [main] INFO  - ****** Completed TC002_CourseCountTest *****
17:04:30.447 [main] INFO  - ****** Starting TC003_ErrorMessageTest *****
17:04:47.446 [main] INFO  - Navited to enterprise page
17:04:49.663 [main] INFO  - Invalid email input given
17:04:49.801 [main] INFO  - Got error message
17:04:49.802 [main] INFO  - ****** Completed TC003_ErrorMessageTest *****
17:05:21.888 [main] INFO  - ****** Starting TC001_CourseSearchingTest *****
17:05:34.696 [main] INFO  - Searched Web development
17:05:56.423 [main] INFO  - Applied language filter
17:06:01.689 [main] INFO  - Applied level filter
17:06:05.774 [main] INFO  - Written output in the excel file
17:06:05.810 [main] INFO  - ****** Completed TC001_CourseSearchingTest *****
17:06:46.113 [main] INFO  - ****** Starting TC002_CourseCountTest *****
17:07:02.306 [main] INFO  - Searched Web development
17:07:04.354 [main] INFO  - Written level wise count in the excel file
17:07:10.241 [main] INFO  - Written language wise in the excel file
17:07:10.247 [main] INFO  - ****** Completed TC002_CourseCountTest *****
17:07:52.559 [main] INFO  - ****** Starting TC003_ErrorMessageTest *****
17:08:15.696 [main] INFO  - Navited to enterprise page
17:08:18.642 [main] INFO  - Invalid email input given
17:08:18.779 [main] INFO  - Got error message
17:08:18.781 [main] INFO  - ****** Completed TC003_ErrorMessageTest *****
17:11:08.186 [main] INFO  - ****** Starting TC001_CourseSearchingTest *****
17:11:23.189 [main] INFO  - Searched Web development
17:11:45.034 [main] INFO  - Applied language filter
17:11:47.073 [main] INFO  - Applied level filter
17:11:53.363 [main] DEBUG - Save core properties part
17:11:53.365 [main] DEBUG - Save content types part
17:11:53.874 [main] DEBUG - Save package relationships
17:11:53.914 [main] DEBUG - Save part 'docProps/app.xml'
17:11:53.931 [main] DEBUG - Save part 'docProps/core.xml'
17:11:53.980 [main] DEBUG - Save part 'xl/sharedStrings.xml'
17:11:53.981 [main] DEBUG - Save part 'xl/styles.xml'
17:11:53.984 [main] DEBUG - Save part 'xl/workbook.xml'
17:11:53.994 [main] DEBUG - Save part 'xl/worksheets/sheet1.xml'
17:11:54.005 [main] DEBUG - Save content types part
17:11:54.014 [main] DEBUG - Save package relationships
17:11:54.022 [main] DEBUG - Save part 'docProps/app.xml'
17:11:54.024 [main] DEBUG - Save part 'docProps/core.xml'
17:11:54.033 [main] DEBUG - Save part 'xl/sharedStrings.xml'
17:11:54.035 [main] DEBUG - Save part 'xl/styles.xml'
17:11:54.037 [main] DEBUG - Save part 'xl/workbook.xml'
17:11:54.046 [main] DEBUG - Save part 'xl/worksheets/sheet1.xml'
17:11:54.048 [main] INFO  - Written output in the excel file
17:11:54.102 [main] INFO  - ****** Completed TC001_CourseSearchingTest *****
17:12:25.391 [main] INFO  - ****** Starting TC002_CourseCountTest *****
17:12:38.094 [main] INFO  - Searched Web development
17:13:08.423 [main] DEBUG - Save core properties part
17:13:08.424 [main] DEBUG - Save content types part
17:13:08.434 [main] DEBUG - Save package relationships
17:13:08.439 [main] DEBUG - Save part 'docProps/app.xml'
17:13:08.440 [main] DEBUG - Save part 'docProps/core.xml'
17:13:08.445 [main] DEBUG - Save part 'xl/sharedStrings.xml'
17:13:08.445 [main] DEBUG - Save part 'xl/styles.xml'
17:13:08.446 [main] DEBUG - Save part 'xl/workbook.xml'
17:13:08.452 [main] DEBUG - Save part 'xl/worksheets/sheet1.xml'
17:13:08.458 [main] DEBUG - Save content types part
17:13:08.463 [main] DEBUG - Save package relationships
17:13:08.469 [main] DEBUG - Save part 'docProps/app.xml'
17:13:08.469 [main] DEBUG - Save part 'docProps/core.xml'
17:13:08.476 [main] DEBUG - Save part 'xl/sharedStrings.xml'
17:13:08.476 [main] DEBUG - Save part 'xl/styles.xml'
17:13:08.477 [main] DEBUG - Save part 'xl/workbook.xml'
17:13:08.485 [main] DEBUG - Save part 'xl/worksheets/sheet1.xml'
17:13:08.488 [main] INFO  - Written level wise count in the excel file
17:13:10.936 [main] DEBUG - Save core properties part
17:13:10.937 [main] DEBUG - Save content types part
17:13:10.944 [main] DEBUG - Save package relationships
17:13:10.950 [main] DEBUG - Save part 'docProps/app.xml'
17:13:10.953 [main] DEBUG - Save part 'docProps/core.xml'
17:13:10.960 [main] DEBUG - Save part 'xl/sharedStrings.xml'
17:13:10.962 [main] DEBUG - Save part 'xl/styles.xml'
17:13:10.962 [main] DEBUG - Save part 'xl/workbook.xml'
17:13:10.970 [main] DEBUG - Save part 'xl/worksheets/sheet1.xml'
17:13:10.975 [main] DEBUG - Save content types part
17:13:10.984 [main] DEBUG - Save package relationships
17:13:10.990 [main] DEBUG - Save part 'docProps/app.xml'
17:13:10.991 [main] DEBUG - Save part 'docProps/core.xml'
17:13:10.998 [main] DEBUG - Save part 'xl/sharedStrings.xml'
17:13:10.998 [main] DEBUG - Save part 'xl/styles.xml'
17:13:11.000 [main] DEBUG - Save part 'xl/workbook.xml'
17:13:11.007 [main] DEBUG - Save part 'xl/worksheets/sheet1.xml'
17:13:11.010 [main] INFO  - Written language wise in the excel file
17:13:11.016 [main] INFO  - ****** Completed TC002_CourseCountTest *****
17:13:38.007 [main] INFO  - ****** Starting TC003_ErrorMessageTest *****
17:13:51.308 [main] INFO  - Navigated to enterprise page
17:13:53.003 [main] INFO  - Invalid email input given
17:13:53.140 [main] INFO  - Got error message
17:13:53.141 [main] INFO  - ****** Completed TC003_ErrorMessageTest *****
17:14:22.348 [main] INFO  - ****** Starting TC001_CourseSearchingTest *****
17:14:32.632 [main] INFO  - Searched Web development
17:14:35.142 [main] INFO  - Applied language filter
17:14:37.628 [main] INFO  - Applied level filter
17:14:39.525 [main] DEBUG - Save core properties part
17:14:39.526 [main] DEBUG - Save content types part
17:14:39.529 [main] DEBUG - Save package relationships
17:14:39.534 [main] DEBUG - Save part 'docProps/app.xml'
17:14:39.534 [main] DEBUG - Save part 'docProps/core.xml'
17:14:39.540 [main] DEBUG - Save part 'xl/sharedStrings.xml'
17:14:39.540 [main] DEBUG - Save part 'xl/styles.xml'
17:14:39.543 [main] DEBUG - Save part 'xl/workbook.xml'
17:14:39.546 [main] DEBUG - Save part 'xl/worksheets/sheet1.xml'
17:14:39.547 [main] DEBUG - Save content types part
17:14:39.547 [main] DEBUG - Save package relationships
17:14:39.551 [main] DEBUG - Save part 'docProps/app.xml'
17:14:39.552 [main] DEBUG - Save part 'docProps/core.xml'
17:14:39.557 [main] DEBUG - Save part 'xl/sharedStrings.xml'
17:14:39.558 [main] DEBUG - Save part 'xl/styles.xml'
17:14:39.559 [main] DEBUG - Save part 'xl/workbook.xml'
17:14:39.564 [main] DEBUG - Save part 'xl/worksheets/sheet1.xml'
17:14:39.565 [main] INFO  - Written output in the excel file
17:14:39.582 [main] INFO  - ****** Completed TC001_CourseSearchingTest *****
17:14:57.797 [main] INFO  - ****** Starting TC002_CourseCountTest *****
17:15:08.415 [main] INFO  - Searched Web development
17:15:38.546 [main] DEBUG - Save core properties part
17:15:38.546 [main] DEBUG - Save content types part
17:15:38.552 [main] DEBUG - Save package relationships
17:15:38.557 [main] DEBUG - Save part 'docProps/app.xml'
17:15:38.558 [main] DEBUG - Save part 'docProps/core.xml'
17:15:38.559 [main] DEBUG - Save part 'xl/sharedStrings.xml'
17:15:38.561 [main] DEBUG - Save part 'xl/styles.xml'
17:15:38.563 [main] DEBUG - Save part 'xl/workbook.xml'
17:15:38.565 [main] DEBUG - Save part 'xl/worksheets/sheet1.xml'
17:15:38.566 [main] DEBUG - Save content types part
17:15:38.569 [main] DEBUG - Save package relationships
17:15:38.572 [main] DEBUG - Save part 'docProps/app.xml'
17:15:38.574 [main] DEBUG - Save part 'docProps/core.xml'
17:15:38.578 [main] DEBUG - Save part 'xl/sharedStrings.xml'
17:15:38.580 [main] DEBUG - Save part 'xl/styles.xml'
17:15:38.581 [main] DEBUG - Save part 'xl/workbook.xml'
17:15:38.585 [main] DEBUG - Save part 'xl/worksheets/sheet1.xml'
17:15:38.588 [main] INFO  - Written level wise count in the excel file
17:15:39.977 [main] DEBUG - Save core properties part
17:15:39.978 [main] DEBUG - Save content types part
17:15:39.984 [main] DEBUG - Save package relationships
17:15:39.987 [main] DEBUG - Save part 'docProps/app.xml'
17:15:39.988 [main] DEBUG - Save part 'docProps/core.xml'
17:15:39.993 [main] DEBUG - Save part 'xl/sharedStrings.xml'
17:15:39.994 [main] DEBUG - Save part 'xl/styles.xml'
17:15:39.996 [main] DEBUG - Save part 'xl/workbook.xml'
17:15:40.000 [main] DEBUG - Save part 'xl/worksheets/sheet1.xml'
17:15:40.002 [main] DEBUG - Save content types part
17:15:40.008 [main] DEBUG - Save package relationships
17:15:40.013 [main] DEBUG - Save part 'docProps/app.xml'
17:15:40.014 [main] DEBUG - Save part 'docProps/core.xml'
17:15:40.018 [main] DEBUG - Save part 'xl/sharedStrings.xml'
17:15:40.019 [main] DEBUG - Save part 'xl/styles.xml'
17:15:40.020 [main] DEBUG - Save part 'xl/workbook.xml'
17:15:40.023 [main] DEBUG - Save part 'xl/worksheets/sheet1.xml'
17:15:40.026 [main] INFO  - Written language wise in the excel file
17:15:40.028 [main] INFO  - ****** Completed TC002_CourseCountTest *****
17:16:00.414 [main] INFO  - ****** Starting TC003_ErrorMessageTest *****
17:16:15.779 [main] INFO  - Navigated to enterprise page
17:16:17.745 [main] INFO  - Invalid email input given
17:16:17.867 [main] INFO  - Got error message
17:16:17.867 [main] INFO  - ****** Completed TC003_ErrorMessageTest *****
17:39:55.937 [TestNG-tests-1] INFO  - ****** Starting TC001_CourseSearchingTest *****
17:39:56.345 [TestNG-tests-2] INFO  - ****** Starting TC001_CourseSearchingTest *****
17:40:15.423 [TestNG-tests-1] INFO  - Searched Web development
17:40:16.883 [TestNG-tests-2] INFO  - Searched Web development
17:40:23.836 [TestNG-tests-1] INFO  - Applied language filter
17:40:26.204 [TestNG-tests-2] INFO  - Applied language filter
17:40:31.690 [TestNG-tests-1] INFO  - Applied level filter
17:40:36.523 [TestNG-tests-2] INFO  - Applied level filter
17:40:44.965 [TestNG-tests-2] DEBUG - Save core properties part
17:40:44.966 [TestNG-tests-1] DEBUG - Save core properties part
17:40:44.967 [TestNG-tests-1] DEBUG - Save content types part
17:40:44.969 [TestNG-tests-2] DEBUG - Save content types part
17:40:45.831 [TestNG-tests-1] DEBUG - Save package relationships
17:40:45.832 [TestNG-tests-2] DEBUG - Save package relationships
17:40:45.937 [TestNG-tests-1] DEBUG - Save part 'docProps/app.xml'
17:40:45.937 [TestNG-tests-2] DEBUG - Save part 'docProps/app.xml'
17:40:45.981 [TestNG-tests-2] DEBUG - Save part 'docProps/core.xml'
17:40:45.998 [TestNG-tests-1] DEBUG - Save part 'docProps/core.xml'
17:40:46.071 [TestNG-tests-1] DEBUG - Save part 'xl/sharedStrings.xml'
17:40:46.073 [TestNG-tests-1] DEBUG - Save part 'xl/styles.xml'
17:40:46.076 [TestNG-tests-1] DEBUG - Save part 'xl/workbook.xml'
17:40:46.097 [TestNG-tests-1] DEBUG - Save part 'xl/worksheets/sheet1.xml'
17:40:46.104 [TestNG-tests-2] DEBUG - Save part 'xl/sharedStrings.xml'
17:40:46.104 [TestNG-tests-2] DEBUG - Save part 'xl/styles.xml'
17:40:46.105 [TestNG-tests-2] DEBUG - Save part 'xl/workbook.xml'
17:40:46.122 [TestNG-tests-2] DEBUG - Save part 'xl/worksheets/sheet1.xml'
17:40:46.142 [TestNG-tests-1] DEBUG - Save content types part
17:40:46.151 [TestNG-tests-2] DEBUG - Save content types part
17:40:46.154 [TestNG-tests-1] DEBUG - Save package relationships
17:40:46.160 [TestNG-tests-1] DEBUG - Save part 'docProps/app.xml'
17:40:46.161 [TestNG-tests-1] DEBUG - Save part 'docProps/core.xml'
17:40:46.160 [TestNG-tests-2] DEBUG - Save package relationships
17:40:46.170 [TestNG-tests-1] DEBUG - Save part 'xl/sharedStrings.xml'
17:40:46.170 [TestNG-tests-2] DEBUG - Save part 'docProps/app.xml'
17:40:46.172 [TestNG-tests-1] DEBUG - Save part 'xl/styles.xml'
17:40:46.172 [TestNG-tests-2] DEBUG - Save part 'docProps/core.xml'
17:40:46.172 [TestNG-tests-1] DEBUG - Save part 'xl/workbook.xml'
17:40:46.184 [TestNG-tests-1] DEBUG - Save part 'xl/worksheets/sheet1.xml'
17:40:46.188 [TestNG-tests-2] DEBUG - Save part 'xl/sharedStrings.xml'
17:40:46.190 [TestNG-tests-1] INFO  - Written output in the excel file
17:40:46.190 [TestNG-tests-2] DEBUG - Save part 'xl/styles.xml'
17:40:46.191 [TestNG-tests-2] DEBUG - Save part 'xl/workbook.xml'
17:40:46.214 [TestNG-tests-2] DEBUG - Save part 'xl/worksheets/sheet1.xml'
17:40:46.220 [TestNG-tests-2] INFO  - Written output in the excel file
17:40:46.286 [TestNG-tests-1] INFO  - ****** Completed TC001_CourseSearchingTest *****
17:40:46.287 [TestNG-tests-2] INFO  - ****** Completed TC001_CourseSearchingTest *****
17:41:21.578 [TestNG-tests-1] INFO  - ****** Starting TC002_CourseCountTest *****
17:41:22.022 [TestNG-tests-2] INFO  - ****** Starting TC002_CourseCountTest *****
17:41:41.263 [TestNG-tests-2] INFO  - Searched Web development
17:41:41.886 [TestNG-tests-1] INFO  - Searched Web development
17:41:49.277 [TestNG-tests-2] DEBUG - Save core properties part
17:41:49.279 [TestNG-tests-2] DEBUG - Save content types part
17:41:49.313 [TestNG-tests-2] DEBUG - Save package relationships
17:41:49.323 [TestNG-tests-2] DEBUG - Save part 'docProps/app.xml'
17:41:49.326 [TestNG-tests-2] DEBUG - Save part 'docProps/core.xml'
17:41:49.335 [TestNG-tests-2] DEBUG - Save part 'xl/sharedStrings.xml'
17:41:49.339 [TestNG-tests-2] DEBUG - Save part 'xl/styles.xml'
17:41:49.341 [TestNG-tests-2] DEBUG - Save part 'xl/workbook.xml'
17:41:49.353 [TestNG-tests-2] DEBUG - Save part 'xl/worksheets/sheet1.xml'
17:41:49.359 [TestNG-tests-2] DEBUG - Save content types part
17:41:49.375 [TestNG-tests-2] DEBUG - Save package relationships
17:41:49.383 [TestNG-tests-2] DEBUG - Save part 'docProps/app.xml'
17:41:49.385 [TestNG-tests-2] DEBUG - Save part 'docProps/core.xml'
17:41:49.395 [TestNG-tests-2] DEBUG - Save part 'xl/sharedStrings.xml'
17:41:49.396 [TestNG-tests-2] DEBUG - Save part 'xl/styles.xml'
17:41:49.398 [TestNG-tests-2] DEBUG - Save part 'xl/workbook.xml'
17:41:49.668 [TestNG-tests-1] DEBUG - Save core properties part
17:41:49.670 [TestNG-tests-1] DEBUG - Save content types part
17:41:49.683 [TestNG-tests-1] DEBUG - Save package relationships
17:41:49.701 [TestNG-tests-2] DEBUG - Save part 'xl/worksheets/sheet1.xml'
17:41:49.704 [TestNG-tests-2] INFO  - Written level wise count in the excel file
17:41:49.732 [TestNG-tests-1] DEBUG - Save part 'docProps/app.xml'
17:41:50.111 [TestNG-tests-1] DEBUG - Save part 'docProps/core.xml'
17:41:50.224 [TestNG-tests-1] DEBUG - Save part 'xl/sharedStrings.xml'
17:41:50.227 [TestNG-tests-1] DEBUG - Save part 'xl/styles.xml'
17:41:50.229 [TestNG-tests-1] DEBUG - Save part 'xl/workbook.xml'
17:41:50.238 [TestNG-tests-1] DEBUG - Save part 'xl/worksheets/sheet1.xml'
17:41:50.278 [TestNG-tests-1] DEBUG - Save content types part
17:41:50.295 [TestNG-tests-1] DEBUG - Save package relationships
17:41:50.427 [TestNG-tests-1] DEBUG - Save part 'docProps/app.xml'
17:41:50.431 [TestNG-tests-1] DEBUG - Save part 'docProps/core.xml'
17:41:50.537 [TestNG-tests-1] DEBUG - Save part 'xl/sharedStrings.xml'
17:41:50.540 [TestNG-tests-1] DEBUG - Save part 'xl/styles.xml'
17:41:50.540 [TestNG-tests-1] DEBUG - Save part 'xl/workbook.xml'
17:41:50.665 [TestNG-tests-1] DEBUG - Save part 'xl/worksheets/sheet1.xml'
17:41:50.678 [TestNG-tests-1] INFO  - Written level wise count in the excel file
17:42:01.155 [TestNG-tests-1] DEBUG - Save core properties part
17:42:01.156 [TestNG-tests-1] DEBUG - Save content types part
17:42:01.166 [TestNG-tests-1] DEBUG - Save package relationships
17:42:01.173 [TestNG-tests-1] DEBUG - Save part 'docProps/app.xml'
17:42:01.175 [TestNG-tests-1] DEBUG - Save part 'docProps/core.xml'
17:42:01.185 [TestNG-tests-1] DEBUG - Save part 'xl/sharedStrings.xml'
17:42:01.186 [TestNG-tests-1] DEBUG - Save part 'xl/styles.xml'
17:42:01.188 [TestNG-tests-1] DEBUG - Save part 'xl/workbook.xml'
17:42:01.199 [TestNG-tests-1] DEBUG - Save part 'xl/worksheets/sheet1.xml'
17:42:01.205 [TestNG-tests-1] DEBUG - Save content types part
17:42:01.213 [TestNG-tests-1] DEBUG - Save package relationships
17:42:01.222 [TestNG-tests-1] DEBUG - Save part 'docProps/app.xml'
17:42:01.224 [TestNG-tests-1] DEBUG - Save part 'docProps/core.xml'
17:42:01.233 [TestNG-tests-1] DEBUG - Save part 'xl/sharedStrings.xml'
17:42:01.242 [TestNG-tests-1] DEBUG - Save part 'xl/styles.xml'
17:42:01.243 [TestNG-tests-1] DEBUG - Save part 'xl/workbook.xml'
17:42:01.255 [TestNG-tests-1] DEBUG - Save part 'xl/worksheets/sheet1.xml'
17:42:01.260 [TestNG-tests-1] INFO  - Written language wise in the excel file
17:42:01.281 [TestNG-tests-1] INFO  - ****** Completed TC002_CourseCountTest *****
17:42:03.152 [TestNG-tests-2] DEBUG - Save core properties part
17:42:03.158 [TestNG-tests-2] DEBUG - Save content types part
17:42:03.177 [TestNG-tests-2] DEBUG - Save package relationships
17:42:03.188 [TestNG-tests-2] DEBUG - Save part 'docProps/app.xml'
17:42:03.191 [TestNG-tests-2] DEBUG - Save part 'docProps/core.xml'
17:42:03.200 [TestNG-tests-2] DEBUG - Save part 'xl/sharedStrings.xml'
17:42:03.203 [TestNG-tests-2] DEBUG - Save part 'xl/styles.xml'
17:42:03.205 [TestNG-tests-2] DEBUG - Save part 'xl/workbook.xml'
17:42:03.212 [TestNG-tests-2] DEBUG - Save part 'xl/worksheets/sheet1.xml'
17:42:03.218 [TestNG-tests-2] DEBUG - Save content types part
17:42:03.225 [TestNG-tests-2] DEBUG - Save package relationships
17:42:03.231 [TestNG-tests-2] DEBUG - Save part 'docProps/app.xml'
17:42:03.233 [TestNG-tests-2] DEBUG - Save part 'docProps/core.xml'
17:42:03.246 [TestNG-tests-2] DEBUG - Save part 'xl/sharedStrings.xml'
17:42:03.248 [TestNG-tests-2] DEBUG - Save part 'xl/styles.xml'
17:42:03.248 [TestNG-tests-2] DEBUG - Save part 'xl/workbook.xml'
17:42:03.254 [TestNG-tests-2] DEBUG - Save part 'xl/worksheets/sheet1.xml'
17:42:03.258 [TestNG-tests-2] INFO  - Written language wise in the excel file
17:42:03.266 [TestNG-tests-2] INFO  - ****** Completed TC002_CourseCountTest *****
17:42:48.049 [TestNG-tests-1] INFO  - ****** Starting TC003_ErrorMessageTest *****
17:42:48.293 [TestNG-tests-2] INFO  - ****** Starting TC003_ErrorMessageTest *****
17:43:17.791 [TestNG-tests-2] INFO  - Navigated to enterprise page
17:43:19.117 [TestNG-tests-1] INFO  - Navigated to enterprise page
17:43:23.712 [TestNG-tests-2] INFO  - Invalid email input given
17:43:24.265 [TestNG-tests-2] INFO  - Got error message
17:43:24.266 [TestNG-tests-2] INFO  - ****** Completed TC003_ErrorMessageTest *****
17:43:25.245 [TestNG-tests-1] INFO  - Invalid email input given
17:43:25.531 [TestNG-tests-1] INFO  - Got error message
17:43:25.532 [TestNG-tests-1] INFO  - ****** Completed TC003_ErrorMessageTest *****
17:59:21.655 [main] INFO  - ****** Starting TC001_CourseSearchingTest *****
17:59:26.864 [main] INFO  - Searched Web development
17:59:47.420 [main] INFO  - Applied language filter
17:59:47.634 [main] INFO  - Applied level filter
17:59:51.591 [main] DEBUG - Save core properties part
17:59:51.591 [main] DEBUG - Save content types part
17:59:51.683 [main] DEBUG - Save package relationships
17:59:51.691 [main] DEBUG - Save part 'docProps/app.xml'
17:59:51.695 [main] DEBUG - Save part 'docProps/core.xml'
17:59:51.706 [main] DEBUG - Save part 'xl/sharedStrings.xml'
17:59:51.707 [main] DEBUG - Save part 'xl/styles.xml'
17:59:51.707 [main] DEBUG - Save part 'xl/workbook.xml'
17:59:51.709 [main] DEBUG - Save part 'xl/worksheets/sheet1.xml'
17:59:51.711 [main] DEBUG - Save content types part
17:59:51.712 [main] DEBUG - Save package relationships
17:59:51.713 [main] DEBUG - Save part 'docProps/app.xml'
17:59:51.713 [main] DEBUG - Save part 'docProps/core.xml'
17:59:51.714 [main] DEBUG - Save part 'xl/sharedStrings.xml'
17:59:51.714 [main] DEBUG - Save part 'xl/styles.xml'
17:59:51.714 [main] DEBUG - Save part 'xl/workbook.xml'
17:59:51.715 [main] DEBUG - Save part 'xl/worksheets/sheet1.xml'
17:59:51.717 [main] INFO  - Written output in the excel file
17:59:51.726 [main] INFO  - ****** Completed TC001_CourseSearchingTest *****
18:01:46.121 [main] INFO  - ****** Starting TC002_CourseCountTest *****
18:01:50.753 [main] INFO  - Searched Web development
18:02:21.238 [main] DEBUG - Save core properties part
18:02:21.238 [main] DEBUG - Save content types part
18:02:21.318 [main] DEBUG - Save package relationships
18:02:21.324 [main] DEBUG - Save part 'docProps/app.xml'
18:02:21.327 [main] DEBUG - Save part 'docProps/core.xml'
18:02:21.336 [main] DEBUG - Save part 'xl/sharedStrings.xml'
18:02:21.336 [main] DEBUG - Save part 'xl/styles.xml'
18:02:21.337 [main] DEBUG - Save part 'xl/workbook.xml'
18:02:21.338 [main] DEBUG - Save part 'xl/worksheets/sheet1.xml'
18:02:21.340 [main] DEBUG - Save content types part
18:02:21.341 [main] DEBUG - Save package relationships
18:02:21.342 [main] DEBUG - Save part 'docProps/app.xml'
18:02:21.343 [main] DEBUG - Save part 'docProps/core.xml'
18:02:21.344 [main] DEBUG - Save part 'xl/sharedStrings.xml'
18:02:21.344 [main] DEBUG - Save part 'xl/styles.xml'
18:02:21.344 [main] DEBUG - Save part 'xl/workbook.xml'
18:02:21.345 [main] DEBUG - Save part 'xl/worksheets/sheet1.xml'
18:02:21.346 [main] INFO  - Written level wise count in the excel file
18:02:21.856 [main] DEBUG - Save core properties part
18:02:21.856 [main] DEBUG - Save content types part
18:02:21.858 [main] DEBUG - Save package relationships
18:02:21.859 [main] DEBUG - Save part 'docProps/app.xml'
18:02:21.859 [main] DEBUG - Save part 'docProps/core.xml'
18:02:21.861 [main] DEBUG - Save part 'xl/sharedStrings.xml'
18:02:21.862 [main] DEBUG - Save part 'xl/styles.xml'
18:02:21.862 [main] DEBUG - Save part 'xl/workbook.xml'
18:02:21.862 [main] DEBUG - Save part 'xl/worksheets/sheet1.xml'
18:02:21.864 [main] DEBUG - Save content types part
18:02:21.865 [main] DEBUG - Save package relationships
18:02:21.866 [main] DEBUG - Save part 'docProps/app.xml'
18:02:21.866 [main] DEBUG - Save part 'docProps/core.xml'
18:02:21.867 [main] DEBUG - Save part 'xl/sharedStrings.xml'
18:02:21.867 [main] DEBUG - Save part 'xl/styles.xml'
18:02:21.867 [main] DEBUG - Save part 'xl/workbook.xml'
18:02:21.869 [main] DEBUG - Save part 'xl/worksheets/sheet1.xml'
18:02:21.869 [main] INFO  - Written language wise in the excel file
18:02:21.870 [main] INFO  - ****** Completed TC002_CourseCountTest *****
18:02:35.612 [main] INFO  - ****** Starting TC003_ErrorMessageTest *****
18:02:47.418 [main] INFO  - Navigated to enterprise page
18:02:48.856 [main] INFO  - Invalid email input given
18:02:49.058 [main] INFO  - Got error message
18:02:49.068 [main] INFO  - ****** Completed TC003_ErrorMessageTest *****
18:29:12.645 [main] INFO  - ****** Starting TC001_CourseSearchingTest *****
18:29:18.337 [main] INFO  - Searched Web development
18:29:38.788 [main] INFO  - Applied language filter
18:29:39.131 [main] INFO  - Applied level filter
18:29:42.276 [main] DEBUG - Save core properties part
18:29:42.277 [main] DEBUG - Save content types part
18:29:42.382 [main] DEBUG - Save package relationships
18:29:42.389 [main] DEBUG - Save part 'docProps/app.xml'
18:29:42.394 [main] DEBUG - Save part 'docProps/core.xml'
18:29:42.403 [main] DEBUG - Save part 'xl/sharedStrings.xml'
18:29:42.404 [main] DEBUG - Save part 'xl/styles.xml'
18:29:42.404 [main] DEBUG - Save part 'xl/workbook.xml'
18:29:42.407 [main] DEBUG - Save part 'xl/worksheets/sheet1.xml'
18:29:42.410 [main] DEBUG - Save content types part
18:29:42.411 [main] DEBUG - Save package relationships
18:29:42.413 [main] DEBUG - Save part 'docProps/app.xml'
18:29:42.413 [main] DEBUG - Save part 'docProps/core.xml'
18:29:42.415 [main] DEBUG - Save part 'xl/sharedStrings.xml'
18:29:42.415 [main] DEBUG - Save part 'xl/styles.xml'
18:29:42.415 [main] DEBUG - Save part 'xl/workbook.xml'
18:29:42.416 [main] DEBUG - Save part 'xl/worksheets/sheet1.xml'
18:29:42.417 [main] INFO  - Written output in the excel file
18:29:42.429 [main] INFO  - ****** Completed TC001_CourseSearchingTest *****
18:30:01.672 [main] INFO  - ****** Starting TC002_CourseCountTest *****
18:30:08.591 [main] INFO  - Searched Web development
18:30:38.708 [main] DEBUG - Save core properties part
18:30:38.708 [main] DEBUG - Save content types part
18:30:38.710 [main] DEBUG - Save package relationships
18:30:38.711 [main] DEBUG - Save part 'docProps/app.xml'
18:30:38.711 [main] DEBUG - Save part 'docProps/core.xml'
18:30:38.714 [main] DEBUG - Save part 'xl/sharedStrings.xml'
18:30:38.714 [main] DEBUG - Save part 'xl/styles.xml'
18:30:38.714 [main] DEBUG - Save part 'xl/workbook.xml'
18:30:38.716 [main] DEBUG - Save part 'xl/worksheets/sheet1.xml'
18:30:38.717 [main] DEBUG - Save content types part
18:30:38.718 [main] DEBUG - Save package relationships
18:30:38.720 [main] DEBUG - Save part 'docProps/app.xml'
18:30:38.720 [main] DEBUG - Save part 'docProps/core.xml'
18:30:38.722 [main] DEBUG - Save part 'xl/sharedStrings.xml'
18:30:38.722 [main] DEBUG - Save part 'xl/styles.xml'
18:30:38.722 [main] DEBUG - Save part 'xl/workbook.xml'
18:30:38.724 [main] DEBUG - Save part 'xl/worksheets/sheet1.xml'
18:30:38.725 [main] INFO  - Written level wise count in the excel file
18:30:39.400 [main] DEBUG - Save core properties part
18:30:39.401 [main] DEBUG - Save content types part
18:30:39.403 [main] DEBUG - Save package relationships
18:30:39.404 [main] DEBUG - Save part 'docProps/app.xml'
18:30:39.405 [main] DEBUG - Save part 'docProps/core.xml'
18:30:39.407 [main] DEBUG - Save part 'xl/sharedStrings.xml'
18:30:39.407 [main] DEBUG - Save part 'xl/styles.xml'
18:30:39.407 [main] DEBUG - Save part 'xl/workbook.xml'
18:30:39.408 [main] DEBUG - Save part 'xl/worksheets/sheet1.xml'
18:30:39.409 [main] DEBUG - Save content types part
18:30:39.410 [main] DEBUG - Save package relationships
18:30:39.411 [main] DEBUG - Save part 'docProps/app.xml'
18:30:39.411 [main] DEBUG - Save part 'docProps/core.xml'
18:30:39.412 [main] DEBUG - Save part 'xl/sharedStrings.xml'
18:30:39.413 [main] DEBUG - Save part 'xl/styles.xml'
18:30:39.413 [main] DEBUG - Save part 'xl/workbook.xml'
18:30:39.414 [main] DEBUG - Save part 'xl/worksheets/sheet1.xml'
18:30:39.416 [main] INFO  - Written language wise in the excel file
18:30:39.417 [main] INFO  - ****** Completed TC002_CourseCountTest *****
18:30:50.057 [main] INFO  - ****** Starting TC003_ErrorMessageTest *****
18:30:57.671 [main] INFO  - Navigated to enterprise page
18:30:58.576 [main] INFO  - Invalid email input given
18:30:58.619 [main] INFO  - Got error message
18:30:58.619 [main] INFO  - ****** Completed TC003_ErrorMessageTest *****
18:31:47.680 [main] INFO  - ****** Starting TC002_CourseCountTest *****
18:31:54.082 [main] INFO  - Searched Web development
18:32:25.005 [main] DEBUG - Save core properties part
18:32:25.005 [main] DEBUG - Save content types part
18:32:25.132 [main] DEBUG - Save package relationships
18:32:25.146 [main] DEBUG - Save part 'docProps/app.xml'
18:32:25.151 [main] DEBUG - Save part 'docProps/core.xml'
18:32:25.164 [main] DEBUG - Save part 'xl/sharedStrings.xml'
18:32:25.165 [main] DEBUG - Save part 'xl/styles.xml'
18:32:25.166 [main] DEBUG - Save part 'xl/workbook.xml'
18:32:25.168 [main] DEBUG - Save part 'xl/worksheets/sheet1.xml'
18:32:25.173 [main] DEBUG - Save content types part
18:32:25.175 [main] DEBUG - Save package relationships
18:32:25.177 [main] DEBUG - Save part 'docProps/app.xml'
18:32:25.178 [main] DEBUG - Save part 'docProps/core.xml'
18:32:25.179 [main] DEBUG - Save part 'xl/sharedStrings.xml'
18:32:25.180 [main] DEBUG - Save part 'xl/styles.xml'
18:32:25.180 [main] DEBUG - Save part 'xl/workbook.xml'
18:32:25.221 [main] DEBUG - Save part 'xl/worksheets/sheet1.xml'
18:32:25.224 [main] INFO  - Written level wise count in the excel file
18:32:26.012 [main] DEBUG - Save core properties part
18:32:26.012 [main] DEBUG - Save content types part
18:32:26.014 [main] DEBUG - Save package relationships
18:32:26.016 [main] DEBUG - Save part 'docProps/app.xml'
18:32:26.017 [main] DEBUG - Save part 'docProps/core.xml'
18:32:26.019 [main] DEBUG - Save part 'xl/sharedStrings.xml'
18:32:26.020 [main] DEBUG - Save part 'xl/styles.xml'
18:32:26.020 [main] DEBUG - Save part 'xl/workbook.xml'
18:32:26.022 [main] DEBUG - Save part 'xl/worksheets/sheet1.xml'
18:32:26.023 [main] DEBUG - Save content types part
18:32:26.025 [main] DEBUG - Save package relationships
18:32:26.026 [main] DEBUG - Save part 'docProps/app.xml'
18:32:26.026 [main] DEBUG - Save part 'docProps/core.xml'
18:32:26.029 [main] DEBUG - Save part 'xl/sharedStrings.xml'
18:32:26.029 [main] DEBUG - Save part 'xl/styles.xml'
18:32:26.030 [main] DEBUG - Save part 'xl/workbook.xml'
18:32:26.031 [main] DEBUG - Save part 'xl/worksheets/sheet1.xml'
18:32:26.032 [main] INFO  - Written language wise in the excel file
18:32:26.034 [main] INFO  - ****** Completed TC002_CourseCountTest *****
18:32:40.153 [main] INFO  - ****** Starting TC003_ErrorMessageTest *****
18:32:55.374 [main] INFO  - Navigated to enterprise page
18:32:56.076 [main] INFO  - Invalid email input given
18:32:56.115 [main] INFO  - Got error message
18:32:56.118 [main] INFO  - ****** Completed TC003_ErrorMessageTest *****
19:07:52.861 [main] INFO  - ****** Starting TC001_CourseSearchingTest *****
19:07:58.139 [main] INFO  - Searched Web development
19:08:18.528 [main] INFO  - Applied language filter
19:08:18.892 [main] INFO  - Applied level filter
19:08:22.199 [main] DEBUG - Save core properties part
19:08:22.199 [main] DEBUG - Save content types part
19:08:22.315 [main] DEBUG - Save package relationships
19:08:22.323 [main] DEBUG - Save part 'docProps/app.xml'
19:08:22.328 [main] DEBUG - Save part 'docProps/core.xml'
19:08:22.340 [main] DEBUG - Save part 'xl/sharedStrings.xml'
19:08:22.340 [main] DEBUG - Save part 'xl/styles.xml'
19:08:22.341 [main] DEBUG - Save part 'xl/workbook.xml'
19:08:22.344 [main] DEBUG - Save part 'xl/worksheets/sheet1.xml'
19:08:22.347 [main] DEBUG - Save content types part
19:08:22.350 [main] DEBUG - Save package relationships
19:08:22.352 [main] DEBUG - Save part 'docProps/app.xml'
19:08:22.352 [main] DEBUG - Save part 'docProps/core.xml'
19:08:22.354 [main] DEBUG - Save part 'xl/sharedStrings.xml'
19:08:22.354 [main] DEBUG - Save part 'xl/styles.xml'
19:08:22.355 [main] DEBUG - Save part 'xl/workbook.xml'
19:08:22.357 [main] DEBUG - Save part 'xl/worksheets/sheet1.xml'
19:08:22.359 [main] INFO  - Written output in the excel file
19:08:22.371 [main] INFO  - ****** Completed TC001_CourseSearchingTest *****
19:08:39.217 [main] INFO  - ****** Starting TC002_CourseCountTest *****
19:08:47.825 [main] INFO  - Searched Web development
19:09:17.993 [main] DEBUG - Save core properties part
19:09:17.993 [main] DEBUG - Save content types part
19:09:17.996 [main] DEBUG - Save package relationships
19:09:17.997 [main] DEBUG - Save part 'docProps/app.xml'
19:09:17.997 [main] DEBUG - Save part 'docProps/core.xml'
19:09:18.000 [main] DEBUG - Save part 'xl/sharedStrings.xml'
19:09:18.000 [main] DEBUG - Save part 'xl/styles.xml'
19:09:18.000 [main] DEBUG - Save part 'xl/workbook.xml'
19:09:18.002 [main] DEBUG - Save part 'xl/worksheets/sheet1.xml'
19:09:18.004 [main] DEBUG - Save content types part
19:09:18.004 [main] DEBUG - Save package relationships
19:09:18.005 [main] DEBUG - Save part 'docProps/app.xml'
19:09:18.005 [main] DEBUG - Save part 'docProps/core.xml'
19:09:18.008 [main] DEBUG - Save part 'xl/sharedStrings.xml'
19:09:18.008 [main] DEBUG - Save part 'xl/styles.xml'
19:09:18.008 [main] DEBUG - Save part 'xl/workbook.xml'
19:09:18.011 [main] DEBUG - Save part 'xl/worksheets/sheet1.xml'
19:09:18.011 [main] INFO  - Written level wise count in the excel file
19:09:18.573 [main] DEBUG - Save core properties part
19:09:18.574 [main] DEBUG - Save content types part
19:09:18.576 [main] DEBUG - Save package relationships
19:09:18.577 [main] DEBUG - Save part 'docProps/app.xml'
19:09:18.577 [main] DEBUG - Save part 'docProps/core.xml'
19:09:18.579 [main] DEBUG - Save part 'xl/sharedStrings.xml'
19:09:18.579 [main] DEBUG - Save part 'xl/styles.xml'
19:09:18.579 [main] DEBUG - Save part 'xl/workbook.xml'
19:09:18.581 [main] DEBUG - Save part 'xl/worksheets/sheet1.xml'
19:09:18.582 [main] DEBUG - Save content types part
19:09:18.583 [main] DEBUG - Save package relationships
19:09:18.584 [main] DEBUG - Save part 'docProps/app.xml'
19:09:18.584 [main] DEBUG - Save part 'docProps/core.xml'
19:09:18.586 [main] DEBUG - Save part 'xl/sharedStrings.xml'
19:09:18.586 [main] DEBUG - Save part 'xl/styles.xml'
19:09:18.587 [main] DEBUG - Save part 'xl/workbook.xml'
19:09:18.588 [main] DEBUG - Save part 'xl/worksheets/sheet1.xml'
19:09:18.589 [main] INFO  - Written language wise in the excel file
19:09:18.589 [main] INFO  - ****** Completed TC002_CourseCountTest *****
19:09:36.924 [main] INFO  - ****** Starting TC003_ErrorMessageTest *****
19:09:48.219 [main] INFO  - Navigated to enterprise page
19:09:48.918 [main] INFO  - Invalid email input given
19:09:48.959 [main] INFO  - Got error message
19:09:48.959 [main] INFO  - ****** Completed TC003_ErrorMessageTest *****
20:13:03.861 [main] INFO  - ****** Starting TC001_CourseSearchingTest *****
20:13:11.275 [main] INFO  - Searched Web development
20:13:12.213 [main] INFO  - Applied language filter
20:13:13.460 [main] INFO  - Applied level filter
20:13:15.748 [main] DEBUG - Save core properties part
20:13:15.750 [main] DEBUG - Save content types part
20:13:15.859 [main] DEBUG - Save package relationships
20:13:15.867 [main] DEBUG - Save part 'docProps/app.xml'
20:13:15.871 [main] DEBUG - Save part 'docProps/core.xml'
20:13:15.881 [main] DEBUG - Save part 'xl/sharedStrings.xml'
20:13:15.881 [main] DEBUG - Save part 'xl/styles.xml'
20:13:15.881 [main] DEBUG - Save part 'xl/workbook.xml'
20:13:15.883 [main] DEBUG - Save part 'xl/worksheets/sheet1.xml'
20:13:15.886 [main] DEBUG - Save content types part
20:13:15.887 [main] DEBUG - Save package relationships
20:13:15.889 [main] DEBUG - Save part 'docProps/app.xml'
20:13:15.889 [main] DEBUG - Save part 'docProps/core.xml'
20:13:15.891 [main] DEBUG - Save part 'xl/sharedStrings.xml'
20:13:15.892 [main] DEBUG - Save part 'xl/styles.xml'
20:13:15.892 [main] DEBUG - Save part 'xl/workbook.xml'
20:13:15.894 [main] DEBUG - Save part 'xl/worksheets/sheet1.xml'
20:13:15.895 [main] INFO  - Written output in the excel file
20:13:15.907 [main] INFO  - ****** Completed TC001_CourseSearchingTest *****
20:13:32.274 [main] INFO  - ****** Starting TC002_CourseCountTest *****
20:13:40.388 [main] INFO  - Searched Web development
20:13:40.970 [main] DEBUG - Save core properties part
20:13:40.970 [main] DEBUG - Save content types part
20:13:40.972 [main] DEBUG - Save package relationships
20:13:40.975 [main] DEBUG - Save part 'docProps/app.xml'
20:13:40.975 [main] DEBUG - Save part 'docProps/core.xml'
20:13:40.978 [main] DEBUG - Save part 'xl/sharedStrings.xml'
20:13:40.979 [main] DEBUG - Save part 'xl/styles.xml'
20:13:40.979 [main] DEBUG - Save part 'xl/workbook.xml'
20:13:40.982 [main] DEBUG - Save part 'xl/worksheets/sheet1.xml'
20:13:40.984 [main] DEBUG - Save content types part
20:13:40.985 [main] DEBUG - Save package relationships
20:13:40.988 [main] DEBUG - Save part 'docProps/app.xml'
20:13:40.989 [main] DEBUG - Save part 'docProps/core.xml'
20:13:40.991 [main] DEBUG - Save part 'xl/sharedStrings.xml'
20:13:40.991 [main] DEBUG - Save part 'xl/styles.xml'
20:13:40.992 [main] DEBUG - Save part 'xl/workbook.xml'
20:13:40.994 [main] DEBUG - Save part 'xl/worksheets/sheet1.xml'
20:13:40.995 [main] INFO  - Written level wise count in the excel file
20:13:42.604 [main] DEBUG - Save core properties part
20:13:42.604 [main] DEBUG - Save content types part
20:13:42.606 [main] DEBUG - Save package relationships
20:13:42.609 [main] DEBUG - Save part 'docProps/app.xml'
20:13:42.609 [main] DEBUG - Save part 'docProps/core.xml'
20:13:42.611 [main] DEBUG - Save part 'xl/sharedStrings.xml'
20:13:42.612 [main] DEBUG - Save part 'xl/styles.xml'
20:13:42.612 [main] DEBUG - Save part 'xl/workbook.xml'
20:13:42.615 [main] DEBUG - Save part 'xl/worksheets/sheet1.xml'
20:13:42.617 [main] DEBUG - Save content types part
20:13:42.620 [main] DEBUG - Save package relationships
20:13:42.622 [main] DEBUG - Save part 'docProps/app.xml'
20:13:42.622 [main] DEBUG - Save part 'docProps/core.xml'
20:13:42.623 [main] DEBUG - Save part 'xl/sharedStrings.xml'
20:13:42.623 [main] DEBUG - Save part 'xl/styles.xml'
20:13:42.623 [main] DEBUG - Save part 'xl/workbook.xml'
20:13:42.625 [main] DEBUG - Save part 'xl/worksheets/sheet1.xml'
20:13:42.625 [main] INFO  - Written language wise in the excel file
20:13:42.626 [main] INFO  - ****** Completed TC002_CourseCountTest *****
20:13:58.043 [main] INFO  - ****** Starting TC003_ErrorMessageTest *****
20:14:07.941 [main] INFO  - Navigated to enterprise page
20:14:08.655 [main] INFO  - Invalid email input given
20:14:08.694 [main] INFO  - Got error message
20:14:08.694 [main] INFO  - ****** Completed TC003_ErrorMessageTest *****
20:14:33.328 [main] INFO  - ****** Starting TC001_CourseSearchingTest *****
20:15:07.581 [TestNG-tests-1] INFO  - ****** Starting TC001_CourseSearchingTest *****
20:15:07.665 [TestNG-tests-2] INFO  - ****** Starting TC001_CourseSearchingTest *****
20:15:13.193 [TestNG-tests-2] INFO  - Searched Web development
20:15:33.465 [TestNG-tests-1] INFO  - Searched Web development
20:15:33.962 [TestNG-tests-2] INFO  - Applied language filter
20:15:34.428 [TestNG-tests-2] INFO  - Applied level filter
20:15:38.975 [TestNG-tests-2] DEBUG - Save core properties part
20:15:38.975 [TestNG-tests-2] DEBUG - Save content types part
20:15:39.107 [TestNG-tests-2] DEBUG - Save package relationships
20:15:39.115 [TestNG-tests-2] DEBUG - Save part 'docProps/app.xml'
20:15:39.119 [TestNG-tests-2] DEBUG - Save part 'docProps/core.xml'
20:15:39.127 [TestNG-tests-2] DEBUG - Save part 'xl/sharedStrings.xml'
20:15:39.127 [TestNG-tests-2] DEBUG - Save part 'xl/styles.xml'
20:15:39.128 [TestNG-tests-2] DEBUG - Save part 'xl/workbook.xml'
20:15:39.130 [TestNG-tests-2] DEBUG - Save part 'xl/worksheets/sheet1.xml'
20:15:39.133 [TestNG-tests-2] DEBUG - Save content types part
20:15:39.136 [TestNG-tests-2] DEBUG - Save package relationships
20:15:39.137 [TestNG-tests-2] DEBUG - Save part 'docProps/app.xml'
20:15:39.138 [TestNG-tests-2] DEBUG - Save part 'docProps/core.xml'
20:15:39.139 [TestNG-tests-2] DEBUG - Save part 'xl/sharedStrings.xml'
20:15:39.140 [TestNG-tests-2] DEBUG - Save part 'xl/styles.xml'
20:15:39.140 [TestNG-tests-2] DEBUG - Save part 'xl/workbook.xml'
20:15:39.142 [TestNG-tests-2] DEBUG - Save part 'xl/worksheets/sheet1.xml'
20:15:39.143 [TestNG-tests-2] INFO  - Written output in the excel file
20:15:39.156 [TestNG-tests-2] INFO  - ****** Completed TC001_CourseSearchingTest *****
20:15:54.285 [TestNG-tests-1] INFO  - Applied language filter
20:15:54.836 [TestNG-tests-1] INFO  - Applied level filter
20:15:57.607 [TestNG-tests-1] DEBUG - Save core properties part
20:15:57.608 [TestNG-tests-1] DEBUG - Save content types part
20:15:57.610 [TestNG-tests-1] DEBUG - Save package relationships
20:15:57.612 [TestNG-tests-1] DEBUG - Save part 'docProps/app.xml'
20:15:57.612 [TestNG-tests-1] DEBUG - Save part 'docProps/core.xml'
20:15:57.614 [TestNG-tests-1] DEBUG - Save part 'xl/sharedStrings.xml'
20:15:57.614 [TestNG-tests-1] DEBUG - Save part 'xl/styles.xml'
20:15:57.615 [TestNG-tests-1] DEBUG - Save part 'xl/workbook.xml'
20:15:57.617 [TestNG-tests-1] DEBUG - Save part 'xl/worksheets/sheet1.xml'
20:15:57.618 [TestNG-tests-1] DEBUG - Save content types part
20:15:57.621 [TestNG-tests-1] DEBUG - Save package relationships
20:15:57.622 [TestNG-tests-1] DEBUG - Save part 'docProps/app.xml'
20:15:57.622 [TestNG-tests-1] DEBUG - Save part 'docProps/core.xml'
20:15:57.624 [TestNG-tests-1] DEBUG - Save part 'xl/sharedStrings.xml'
20:15:57.624 [TestNG-tests-1] DEBUG - Save part 'xl/styles.xml'
20:15:57.625 [TestNG-tests-1] DEBUG - Save part 'xl/workbook.xml'
20:15:57.627 [TestNG-tests-1] DEBUG - Save part 'xl/worksheets/sheet1.xml'
20:15:57.628 [TestNG-tests-1] INFO  - Written output in the excel file
20:15:57.645 [TestNG-tests-1] INFO  - ****** Completed TC001_CourseSearchingTest *****
20:16:13.957 [TestNG-tests-1] INFO  - ****** Starting TC002_CourseCountTest *****
20:16:14.096 [TestNG-tests-2] INFO  - ****** Starting TC003_ErrorMessageTest *****
20:16:26.274 [TestNG-tests-1] INFO  - Searched Web development
20:16:32.142 [TestNG-tests-2] INFO  - Navigated to enterprise page
20:16:32.857 [TestNG-tests-1] DEBUG - Save core properties part
20:16:32.859 [TestNG-tests-1] DEBUG - Save content types part
20:16:32.861 [TestNG-tests-1] DEBUG - Save package relationships
20:16:32.864 [TestNG-tests-1] DEBUG - Save part 'docProps/app.xml'
20:16:32.864 [TestNG-tests-1] DEBUG - Save part 'docProps/core.xml'
20:16:32.866 [TestNG-tests-1] DEBUG - Save part 'xl/sharedStrings.xml'
20:16:32.867 [TestNG-tests-1] DEBUG - Save part 'xl/styles.xml'
20:16:32.867 [TestNG-tests-1] DEBUG - Save part 'xl/workbook.xml'
20:16:32.878 [TestNG-tests-1] DEBUG - Save part 'xl/worksheets/sheet1.xml'
20:16:32.882 [TestNG-tests-1] DEBUG - Save content types part
20:16:32.885 [TestNG-tests-1] DEBUG - Save package relationships
20:16:32.888 [TestNG-tests-1] DEBUG - Save part 'docProps/app.xml'
20:16:32.889 [TestNG-tests-1] DEBUG - Save part 'docProps/core.xml'
20:16:32.892 [TestNG-tests-1] DEBUG - Save part 'xl/sharedStrings.xml'
20:16:32.893 [TestNG-tests-1] DEBUG - Save part 'xl/styles.xml'
20:16:32.894 [TestNG-tests-1] DEBUG - Save part 'xl/workbook.xml'
20:16:32.896 [TestNG-tests-1] DEBUG - Save part 'xl/worksheets/sheet1.xml'
20:16:32.897 [TestNG-tests-1] INFO  - Written level wise count in the excel file
20:16:33.183 [TestNG-tests-2] INFO  - Invalid email input given
20:16:33.258 [TestNG-tests-2] INFO  - Got error message
20:16:33.258 [TestNG-tests-2] INFO  - ****** Completed TC003_ErrorMessageTest *****
20:16:34.090 [TestNG-tests-1] DEBUG - Save core properties part
20:16:34.090 [TestNG-tests-1] DEBUG - Save content types part
20:16:34.093 [TestNG-tests-1] DEBUG - Save package relationships
20:16:34.095 [TestNG-tests-1] DEBUG - Save part 'docProps/app.xml'
20:16:34.095 [TestNG-tests-1] DEBUG - Save part 'docProps/core.xml'
20:16:34.098 [TestNG-tests-1] DEBUG - Save part 'xl/sharedStrings.xml'
20:16:34.098 [TestNG-tests-1] DEBUG - Save part 'xl/styles.xml'
20:16:34.098 [TestNG-tests-1] DEBUG - Save part 'xl/workbook.xml'
20:16:34.101 [TestNG-tests-1] DEBUG - Save part 'xl/worksheets/sheet1.xml'
20:16:34.103 [TestNG-tests-1] DEBUG - Save content types part
20:16:34.104 [TestNG-tests-1] DEBUG - Save package relationships
20:16:34.105 [TestNG-tests-1] DEBUG - Save part 'docProps/app.xml'
20:16:34.105 [TestNG-tests-1] DEBUG - Save part 'docProps/core.xml'
20:16:34.107 [TestNG-tests-1] DEBUG - Save part 'xl/sharedStrings.xml'
20:16:34.107 [TestNG-tests-1] DEBUG - Save part 'xl/styles.xml'
20:16:34.107 [TestNG-tests-1] DEBUG - Save part 'xl/workbook.xml'
20:16:34.110 [TestNG-tests-1] DEBUG - Save part 'xl/worksheets/sheet1.xml'
20:16:34.111 [TestNG-tests-1] INFO  - Written language wise in the excel file
20:16:34.113 [TestNG-tests-1] INFO  - ****** Completed TC002_CourseCountTest *****
20:17:12.909 [TestNG-tests-1] INFO  - ****** Starting TC003_ErrorMessageTest *****
20:17:23.579 [TestNG-tests-1] INFO  - Navigated to enterprise page
20:17:24.308 [TestNG-tests-1] INFO  - Invalid email input given
20:17:24.354 [TestNG-tests-1] INFO  - Got error message
20:17:24.354 [TestNG-tests-1] INFO  - ****** Completed TC003_ErrorMessageTest *****
20:19:05.512 [main] INFO  - ****** Starting TC002_CourseCountTest *****
20:19:11.548 [main] INFO  - Searched Web development
20:19:12.939 [main] DEBUG - Save core properties part
20:19:12.940 [main] DEBUG - Save content types part
20:19:13.059 [main] DEBUG - Save package relationships
20:19:13.070 [main] DEBUG - Save part 'docProps/app.xml'
20:19:13.074 [main] DEBUG - Save part 'docProps/core.xml'
20:19:13.082 [main] DEBUG - Save part 'xl/sharedStrings.xml'
20:19:13.083 [main] DEBUG - Save part 'xl/styles.xml'
20:19:13.084 [main] DEBUG - Save part 'xl/workbook.xml'
20:19:13.087 [main] DEBUG - Save part 'xl/worksheets/sheet1.xml'
20:19:13.090 [main] DEBUG - Save content types part
20:19:13.092 [main] DEBUG - Save package relationships
20:19:13.094 [main] DEBUG - Save part 'docProps/app.xml'
20:19:13.094 [main] DEBUG - Save part 'docProps/core.xml'
20:19:13.096 [main] DEBUG - Save part 'xl/sharedStrings.xml'
20:19:13.096 [main] DEBUG - Save part 'xl/styles.xml'
20:19:13.096 [main] DEBUG - Save part 'xl/workbook.xml'
20:19:13.099 [main] DEBUG - Save part 'xl/worksheets/sheet1.xml'
20:19:13.100 [main] INFO  - Written level wise count in the excel file
20:19:14.132 [main] DEBUG - Save core properties part
20:19:14.132 [main] DEBUG - Save content types part
20:19:14.135 [main] DEBUG - Save package relationships
20:19:14.136 [main] DEBUG - Save part 'docProps/app.xml'
20:19:14.137 [main] DEBUG - Save part 'docProps/core.xml'
20:19:14.139 [main] DEBUG - Save part 'xl/sharedStrings.xml'
20:19:14.139 [main] DEBUG - Save part 'xl/styles.xml'
20:19:14.140 [main] DEBUG - Save part 'xl/workbook.xml'
20:19:14.141 [main] DEBUG - Save part 'xl/worksheets/sheet1.xml'
20:19:14.142 [main] DEBUG - Save content types part
20:19:14.143 [main] DEBUG - Save package relationships
20:19:14.145 [main] DEBUG - Save part 'docProps/app.xml'
20:19:14.145 [main] DEBUG - Save part 'docProps/core.xml'
20:19:14.146 [main] DEBUG - Save part 'xl/sharedStrings.xml'
20:19:14.147 [main] DEBUG - Save part 'xl/styles.xml'
20:19:14.147 [main] DEBUG - Save part 'xl/workbook.xml'
20:19:14.148 [main] DEBUG - Save part 'xl/worksheets/sheet1.xml'
20:19:14.150 [main] INFO  - Written language wise in the excel file
20:19:14.151 [main] INFO  - ****** Completed TC002_CourseCountTest *****
20:19:27.393 [main] INFO  - ****** Starting TC003_ErrorMessageTest *****
20:19:40.775 [main] INFO  - Navigated to enterprise page
20:19:41.498 [main] INFO  - Invalid email input given
20:19:41.533 [main] INFO  - Got error message
20:19:41.535 [main] INFO  - ****** Completed TC003_ErrorMessageTest *****
20:20:35.861 [TestNG-tests-1] INFO  - ****** Starting TC002_CourseCountTest *****
20:20:42.271 [TestNG-tests-1] INFO  - Searched Web development
20:20:43.656 [TestNG-tests-1] DEBUG - Save core properties part
20:20:43.657 [TestNG-tests-1] DEBUG - Save content types part
20:20:43.768 [TestNG-tests-1] DEBUG - Save package relationships
20:20:43.776 [TestNG-tests-1] DEBUG - Save part 'docProps/app.xml'
20:20:43.781 [TestNG-tests-1] DEBUG - Save part 'docProps/core.xml'
20:20:43.794 [TestNG-tests-1] DEBUG - Save part 'xl/sharedStrings.xml'
20:20:43.795 [TestNG-tests-1] DEBUG - Save part 'xl/styles.xml'
20:20:43.795 [TestNG-tests-1] DEBUG - Save part 'xl/workbook.xml'
20:20:43.797 [TestNG-tests-1] DEBUG - Save part 'xl/worksheets/sheet1.xml'
20:20:43.802 [TestNG-tests-1] DEBUG - Save content types part
20:20:43.807 [TestNG-tests-1] DEBUG - Save package relationships
20:20:43.809 [TestNG-tests-1] DEBUG - Save part 'docProps/app.xml'
20:20:43.810 [TestNG-tests-1] DEBUG - Save part 'docProps/core.xml'
20:20:43.812 [TestNG-tests-1] DEBUG - Save part 'xl/sharedStrings.xml'
20:20:43.814 [TestNG-tests-1] DEBUG - Save part 'xl/styles.xml'
20:20:43.814 [TestNG-tests-1] DEBUG - Save part 'xl/workbook.xml'
20:20:43.817 [TestNG-tests-1] DEBUG - Save part 'xl/worksheets/sheet1.xml'
20:20:43.819 [TestNG-tests-1] INFO  - Written level wise count in the excel file
20:20:44.953 [TestNG-tests-1] DEBUG - Save core properties part
20:20:44.954 [TestNG-tests-1] DEBUG - Save content types part
20:20:44.956 [TestNG-tests-1] DEBUG - Save package relationships
20:20:44.957 [TestNG-tests-1] DEBUG - Save part 'docProps/app.xml'
20:20:44.958 [TestNG-tests-1] DEBUG - Save part 'docProps/core.xml'
20:20:44.961 [TestNG-tests-1] DEBUG - Save part 'xl/sharedStrings.xml'
20:20:44.962 [TestNG-tests-1] DEBUG - Save part 'xl/styles.xml'
20:20:44.962 [TestNG-tests-1] DEBUG - Save part 'xl/workbook.xml'
20:20:44.964 [TestNG-tests-1] DEBUG - Save part 'xl/worksheets/sheet1.xml'
20:20:44.966 [TestNG-tests-1] DEBUG - Save content types part
20:20:44.968 [TestNG-tests-1] DEBUG - Save package relationships
20:20:44.969 [TestNG-tests-1] DEBUG - Save part 'docProps/app.xml'
20:20:44.969 [TestNG-tests-1] DEBUG - Save part 'docProps/core.xml'
20:20:44.971 [TestNG-tests-1] DEBUG - Save part 'xl/sharedStrings.xml'
20:20:44.972 [TestNG-tests-1] DEBUG - Save part 'xl/styles.xml'
20:20:44.972 [TestNG-tests-1] DEBUG - Save part 'xl/workbook.xml'
20:20:44.975 [TestNG-tests-1] DEBUG - Save part 'xl/worksheets/sheet1.xml'
20:20:44.976 [TestNG-tests-1] INFO  - Written language wise in the excel file
20:20:44.977 [TestNG-tests-1] INFO  - ****** Completed TC002_CourseCountTest *****
